<html>
<head>
<title>TestNG:  Business</title>
<link href="../testng.css" rel="stylesheet" type="text/css" />
<link href="../my-testng.css" rel="stylesheet" type="text/css" />

<style type="text/css">
.log { display: none;} 
.stack-trace { display: none;} 
</style>
<script type="text/javascript">
<!--
function flip(e) {
  current = e.style.display;
  if (current == 'block') {
    e.style.display = 'none';
    return 0;
  }
  else {
    e.style.display = 'block';
    return 1;
  }
}

function toggleBox(szDivId, elem, msg1, msg2)
{
  var res = -1;  if (document.getElementById) {
    res = flip(document.getElementById(szDivId));
  }
  else if (document.all) {
    // this is the way old msie versions work
    res = flip(document.all[szDivId]);
  }
  if(elem) {
    if(res == 0) elem.innerHTML = msg1; else elem.innerHTML = msg2;
  }

}

function toggleAllBoxes() {
  if (document.getElementsByTagName) {
    d = document.getElementsByTagName('div');
    for (i = 0; i < d.length; i++) {
      if (d[i].className == 'log') {
        flip(d[i]);
      }
    }
  }
}

// -->
</script>

</head>
<body>
<h2 align='center'>Business</h2><table border='1' align="center">
<tr>
<td>Tests passed/Failed/Skipped:</td><td>7/0/5</td>
</tr><tr>
<td>Started on:</td><td>Thu May 05 00:21:30 IST 2016</td>
</tr>
<tr><td>Total time:</td><td>0 seconds (286 ms)</td>
</tr><tr>
<td>Included groups:</td><td></td>
</tr><tr>
<td>Excluded groups:</td><td></td>
</tr>
</table><p/>
<small><i>(Hover the method name to see the test class name)</i></small><p/>
<table width='100%' border='1' class='invocation-failed'>
<tr><td colspan='4' align='center'><b>FAILED CONFIGURATIONS</b></td></tr>
<tr><td><b>Test method</b></td>
<td width="30%"><b>Exception</b></td>
<td width="10%"><b>Time (seconds)</b></td>
<td><b>Instance</b></td>
</tr>
<tr>
<td title='com.charter.Affiliates.Business.reportDataSetResult()'><b>reportDataSetResult</b><br>Test class: com.charter.Affiliates.Business (nonAutomatedBuyFlow ())</td>
<td><div><pre>org.apache.poi.openxml4j.exceptions.OpenXML4JRuntimeException: Fail to save: an error occurs while saving the package : The part /docProps/app.xml fail to be saved in the stream with marshaller org.apache.poi.openxml4j.opc.internal.marshallers.DefaultMarshaller@5177e388
	at org.apache.poi.openxml4j.opc.ZipPackage.saveImpl(ZipPackage.java:503)
	at org.apache.poi.openxml4j.opc.OPCPackage.save(OPCPackage.java:1441)
	at org.apache.poi.POIXMLDocument.write(POIXMLDocument.java:212)
	at com.charter.Affiliates.Business.reportDataSetResult(Business.java:218)
Caused by: org.apache.poi.openxml4j.exceptions.OpenXML4JException: The part /docProps/app.xml fail to be saved in the stream with marshaller org.apache.poi.openxml4j.opc.internal.marshallers.DefaultMarshaller@5177e388
	at org.apache.poi.openxml4j.opc.ZipPackage.saveImpl(ZipPackage.java:494)
	... 30 more
... Removed 27 stack frames</pre></div><a href='#' onClick='toggleBox("stack-trace58421994", this, "Click to show all stack frames", "Click to hide stack frames")'>Click to show all stack frames</a>
<div class='stack-trace' id='stack-trace58421994'><pre>org.apache.poi.openxml4j.exceptions.OpenXML4JRuntimeException: Fail to save: an error occurs while saving the package : The part /docProps/app.xml fail to be saved in the stream with marshaller org.apache.poi.openxml4j.opc.internal.marshallers.DefaultMarshaller@5177e388
	at org.apache.poi.openxml4j.opc.ZipPackage.saveImpl(ZipPackage.java:503)
	at org.apache.poi.openxml4j.opc.OPCPackage.save(OPCPackage.java:1441)
	at org.apache.poi.POIXMLDocument.write(POIXMLDocument.java:212)
	at com.charter.Affiliates.Business.reportDataSetResult(Business.java:218)
	at sun.reflect.NativeMethodAccessorImpl.invoke0(Native Method)
	at sun.reflect.NativeMethodAccessorImpl.invoke(Unknown Source)
	at sun.reflect.DelegatingMethodAccessorImpl.invoke(Unknown Source)
	at java.lang.reflect.Method.invoke(Unknown Source)
	at org.testng.internal.MethodInvocationHelper.invokeMethod(MethodInvocationHelper.java:85)
	at org.testng.internal.Invoker.invokeConfigurationMethod(Invoker.java:510)
	at org.testng.internal.Invoker.invokeConfigurations(Invoker.java:211)
	at org.testng.internal.Invoker.invokeMethod(Invoker.java:703)
	at org.testng.internal.Invoker.invokeTestMethod(Invoker.java:816)
	at org.testng.internal.Invoker.invokeTestMethods(Invoker.java:1124)
	at org.testng.internal.TestMethodWorker.invokeTestMethods(TestMethodWorker.java:125)
	at org.testng.internal.TestMethodWorker.run(TestMethodWorker.java:108)
	at org.testng.TestRunner.privateRun(TestRunner.java:774)
	at org.testng.TestRunner.run(TestRunner.java:624)
	at org.testng.SuiteRunner.runTest(SuiteRunner.java:359)
	at org.testng.SuiteRunner.runSequentially(SuiteRunner.java:354)
	at org.testng.SuiteRunner.privateRun(SuiteRunner.java:312)
	at org.testng.SuiteRunner.run(SuiteRunner.java:261)
	at org.testng.SuiteRunnerWorker.runSuite(SuiteRunnerWorker.java:52)
	at org.testng.SuiteRunnerWorker.run(SuiteRunnerWorker.java:86)
	at org.testng.TestNG.runSuitesSequentially(TestNG.java:1215)
	at org.testng.TestNG.runSuitesSequentially(TestNG.java:1211)
	at org.testng.TestNG.runSuitesLocally(TestNG.java:1140)
	at org.testng.TestNG.run(TestNG.java:1048)
	at org.testng.remote.AbstractRemoteTestNG.run(AbstractRemoteTestNG.java:126)
	at org.testng.remote.RemoteTestNG.initAndRun(RemoteTestNG.java:137)
	at org.testng.remote.RemoteTestNG.main(RemoteTestNG.java:58)
Caused by: org.apache.poi.openxml4j.exceptions.OpenXML4JException: The part /docProps/app.xml fail to be saved in the stream with marshaller org.apache.poi.openxml4j.opc.internal.marshallers.DefaultMarshaller@5177e388
	at org.apache.poi.openxml4j.opc.ZipPackage.saveImpl(ZipPackage.java:494)
	... 30 more
</pre></div></td>
<td>0</td>
<td>com.charter.Affiliates.Business@42f93a98</td></tr>
</table><p>
<table width='100%' border='1' class='invocation-skipped'>
<tr><td colspan='4' align='center'><b>SKIPPED CONFIGURATIONS</b></td></tr>
<tr><td><b>Test method</b></td>
<td width="30%"><b>Exception</b></td>
<td width="10%"><b>Time (seconds)</b></td>
<td><b>Instance</b></td>
</tr>
<tr>
<td title='com.charter.Affiliates.Business.reportDataSetResult()'><b>reportDataSetResult</b><br>Test class: com.charter.Affiliates.Business (nonAutomatedBuyFlow ())</td>
<td></td>
<td>0</td>
<td>com.charter.Affiliates.Business@42f93a98</td></tr>
<tr>
<td title='com.charter.Affiliates.Business.reportDataSetResult()'><b>reportDataSetResult</b><br>Test class: com.charter.Affiliates.Business (nonAutomatedBuyFlow ())</td>
<td></td>
<td>0</td>
<td>com.charter.Affiliates.Business@42f93a98</td></tr>
<tr>
<td title='com.charter.Affiliates.Business.reportDataSetResult()'><b>reportDataSetResult</b><br>Test class: com.charter.Affiliates.Business (nonAutomatedBuyFlow ())</td>
<td></td>
<td>0</td>
<td>com.charter.Affiliates.Business@42f93a98</td></tr>
<tr>
<td title='com.charter.Affiliates.Business.reportDataSetResult()'><b>reportDataSetResult</b><br>Test class: com.charter.Affiliates.Business (nonAutomatedBuyFlow ())</td>
<td></td>
<td>0</td>
<td>com.charter.Affiliates.Business@42f93a98</td></tr>
<tr>
<td title='com.charter.Affiliates.Business.reportTestResult()'><b>reportTestResult</b><br>Test class: com.charter.Affiliates.Business</td>
<td></td>
<td>0</td>
<td>null</td></tr>
</table><p>
<table width='100%' border='1' class='invocation-passed'>
<tr><td colspan='4' align='center'><b>PASSED TESTS</b></td></tr>
<tr><td><b>Test method</b></td>
<td width="30%"><b>Exception</b></td>
<td width="10%"><b>Time (seconds)</b></td>
<td><b>Instance</b></td>
</tr>
<tr>
<td title='com.charter.Affiliates.Business.nonAutomatedBuyFlow()'><b>nonAutomatedBuyFlow</b><br>Test class: com.charter.Affiliates.Business (nonAutomatedBuyFlow ())<br>Parameters: https://shop.business.spectrum.com/content/localization?v=SBDM , 9799 hale dr, 63123.0, Firefox, choose_sb_233471999, $96.96, </td>
<td></td>
<td>0</td>
<td>com.charter.Affiliates.Business@42f93a98</td></tr>
<tr>
<td title='com.charter.Affiliates.Business.nonAutomatedBuyFlow()'><b>nonAutomatedBuyFlow</b><br>Test class: com.charter.Affiliates.Business (nonAutomatedBuyFlow ())<br>Parameters: https://shop.business.spectrum.com/content/localization?v=SBDIS , 9799 hale dr, 63123.0, Firefox, choose_sb_233471999, $96.96, </td>
<td></td>
<td>0</td>
<td>com.charter.Affiliates.Business@42f93a98</td></tr>
<tr>
<td title='com.charter.Affiliates.Business.nonAutomatedBuyFlow()'><b>nonAutomatedBuyFlow</b><br>Test class: com.charter.Affiliates.Business (nonAutomatedBuyFlow ())<br>Parameters: https://shop.business.spectrum.com/content/localization?v=SBEmail , 9799 hale dr, 63123.0, Firefox, choose_sb_233471999, $96.96, </td>
<td></td>
<td>0</td>
<td>com.charter.Affiliates.Business@42f93a98</td></tr>
<tr>
<td title='com.charter.Affiliates.Business.nonAutomatedBuyFlow()'><b>nonAutomatedBuyFlow</b><br>Test class: com.charter.Affiliates.Business (nonAutomatedBuyFlow ())<br>Parameters: https://shop.business.spectrum.com/content/localization?v=SBFSI , 9799 hale dr, 63123.0, Firefox, choose_sb_233471999, $96.96, </td>
<td></td>
<td>0</td>
<td>com.charter.Affiliates.Business@42f93a98</td></tr>
<tr>
<td title='com.charter.Affiliates.Business.nonAutomatedBuyFlow()'><b>nonAutomatedBuyFlow</b><br>Test class: com.charter.Affiliates.Business (nonAutomatedBuyFlow ())<br>Parameters: https://shop.business.spectrum.com/content/localization?v=SBST , 9799 hale dr, 63123.0, Firefox, choose_sb_233471999, $96.96, </td>
<td></td>
<td>0</td>
<td>com.charter.Affiliates.Business@42f93a98</td></tr>
<tr>
<td title='com.charter.Affiliates.Business.nonAutomatedBuyFlow()'><b>nonAutomatedBuyFlow</b><br>Test class: com.charter.Affiliates.Business (nonAutomatedBuyFlow ())<br>Parameters: https://shop.business.spectrum.com/content/localization?v=SBSHAREDMAIL , 9799 hale dr, 63123.0, Firefox, choose_sb_233471999, $96.96, </td>
<td></td>
<td>0</td>
<td>com.charter.Affiliates.Business@42f93a98</td></tr>
<tr>
<td title='com.charter.Affiliates.Business.nonAutomatedBuyFlow()'><b>nonAutomatedBuyFlow</b><br>Test class: com.charter.Affiliates.Business (nonAutomatedBuyFlow ())<br>Parameters: https://shop.business.spectrum.com/content/localization?v=SBSocial, 9799 hale dr, 63123.0, Firefox, choose_sb_233471999, $96.96, </td>
<td></td>
<td>0</td>
<td>com.charter.Affiliates.Business@42f93a98</td></tr>
</table><p>
<table width='100%' border='1' class='invocation-skipped'>
<tr><td colspan='4' align='center'><b>SKIPPED TESTS</b></td></tr>
<tr><td><b>Test method</b></td>
<td width="30%"><b>Exception</b></td>
<td width="10%"><b>Time (seconds)</b></td>
<td><b>Instance</b></td>
</tr>
<tr>
<td title='com.charter.Affiliates.Business.nonAutomatedBuyFlow()'><b>nonAutomatedBuyFlow</b><br>Test class: com.charter.Affiliates.Business (nonAutomatedBuyFlow ())<br>Parameters: , , , , , , </td>
<td><div><pre>org.testng.SkipException: Runmode for test set data set to no 7
	at com.charter.Affiliates.Business.nonAutomatedBuyFlow(Business.java:47)
... Removed 25 stack frames</pre></div><a href='#' onClick='toggleBox("stack-trace632669667", this, "Click to show all stack frames", "Click to hide stack frames")'>Click to show all stack frames</a>
<div class='stack-trace' id='stack-trace632669667'><pre>org.testng.SkipException: Runmode for test set data set to no 7
	at com.charter.Affiliates.Business.nonAutomatedBuyFlow(Business.java:47)
	at sun.reflect.NativeMethodAccessorImpl.invoke0(Native Method)
	at sun.reflect.NativeMethodAccessorImpl.invoke(Unknown Source)
	at sun.reflect.DelegatingMethodAccessorImpl.invoke(Unknown Source)
	at java.lang.reflect.Method.invoke(Unknown Source)
	at org.testng.internal.MethodInvocationHelper.invokeMethod(MethodInvocationHelper.java:85)
	at org.testng.internal.Invoker.invokeMethod(Invoker.java:639)
	at org.testng.internal.Invoker.invokeTestMethod(Invoker.java:816)
	at org.testng.internal.Invoker.invokeTestMethods(Invoker.java:1124)
	at org.testng.internal.TestMethodWorker.invokeTestMethods(TestMethodWorker.java:125)
	at org.testng.internal.TestMethodWorker.run(TestMethodWorker.java:108)
	at org.testng.TestRunner.privateRun(TestRunner.java:774)
	at org.testng.TestRunner.run(TestRunner.java:624)
	at org.testng.SuiteRunner.runTest(SuiteRunner.java:359)
	at org.testng.SuiteRunner.runSequentially(SuiteRunner.java:354)
	at org.testng.SuiteRunner.privateRun(SuiteRunner.java:312)
	at org.testng.SuiteRunner.run(SuiteRunner.java:261)
	at org.testng.SuiteRunnerWorker.runSuite(SuiteRunnerWorker.java:52)
	at org.testng.SuiteRunnerWorker.run(SuiteRunnerWorker.java:86)
	at org.testng.TestNG.runSuitesSequentially(TestNG.java:1215)
	at org.testng.TestNG.runSuitesSequentially(TestNG.java:1211)
	at org.testng.TestNG.runSuitesLocally(TestNG.java:1140)
	at org.testng.TestNG.run(TestNG.java:1048)
	at org.testng.remote.AbstractRemoteTestNG.run(AbstractRemoteTestNG.java:126)
	at org.testng.remote.RemoteTestNG.initAndRun(RemoteTestNG.java:137)
	at org.testng.remote.RemoteTestNG.main(RemoteTestNG.java:58)
</pre></div></td>
<td>0</td>
<td>com.charter.Affiliates.Business@42f93a98</td></tr>
<tr>
<td title='com.charter.Affiliates.Business.nonAutomatedBuyFlow()'><b>nonAutomatedBuyFlow</b><br>Test class: com.charter.Affiliates.Business (nonAutomatedBuyFlow ())<br>Parameters: , , , , , , </td>
<td></td>
<td>0</td>
<td>com.charter.Affiliates.Business@42f93a98</td></tr>
<tr>
<td title='com.charter.Affiliates.Business.nonAutomatedBuyFlow()'><b>nonAutomatedBuyFlow</b><br>Test class: com.charter.Affiliates.Business (nonAutomatedBuyFlow ())<br>Parameters: , , , , , , </td>
<td></td>
<td>0</td>
<td>com.charter.Affiliates.Business@42f93a98</td></tr>
<tr>
<td title='com.charter.Affiliates.Business.nonAutomatedBuyFlow()'><b>nonAutomatedBuyFlow</b><br>Test class: com.charter.Affiliates.Business (nonAutomatedBuyFlow ())<br>Parameters: , , , , , , </td>
<td></td>
<td>0</td>
<td>com.charter.Affiliates.Business@42f93a98</td></tr>
<tr>
<td title='com.charter.Affiliates.Business.nonAutomatedBuyFlow()'><b>nonAutomatedBuyFlow</b><br>Test class: com.charter.Affiliates.Business (nonAutomatedBuyFlow ())<br>Parameters: , s, , , , , </td>
<td></td>
<td>0</td>
<td>com.charter.Affiliates.Business@42f93a98</td></tr>
</table><p>
</body>
</html>