<?xml version="1.0" encoding="UTF-8"?>
<!-- Generated by org.testng.reporters.JUnitXMLReporter -->
<testsuite hostname="XEN-1004" name="Spectrumtp4q" tests="1" failures="1" timestamp="15 Apr 2016 08:32:22 GMT" time="0.037" errors="0">
  <testcase name="@AfterMethod reportDataSetResult" time="0.0" classname="com.charter.suiteBusinessLP.TestCase_Spectrumtp4q">
    <failure type="java.lang.NullPointerException">
      <![CDATA[java.lang.NullPointerException
	at com.charter.suiteBusinessLP.TestCase_Spectrumtp4q.reportDataSetResult(TestCase_Spectrumtp4q.java:104)
... Removed 27 stack frames]]>
    </failure>
  </testcase> <!-- @AfterMethod reportDataSetResult -->
  <testcase name="@AfterTest reportTestResult" time="0.0" classname="com.charter.suiteBusinessLP.TestCase_Spectrumtp4q">
    <skipped/>
  </testcase> <!-- @AfterTest reportTestResult -->
  <testcase name="testcaseLfoNonAutomated" time="0.006" classname="com.charter.suiteBusinessLP.TestCase_Spectrumtp4q">
    <failure type="java.lang.Error" message="Unresolved compilation problem: 
	The method verifyUrl(String) is undefined for the type TestCase_Spectrumtp4q
">
      <![CDATA[java.lang.Error: Unresolved compilation problem: 
	The method verifyUrl(String) is undefined for the type TestCase_Spectrumtp4q

	at com.charter.suiteBusinessLP.TestCase_Spectrumtp4q.testcaseLfoNonAutomated(TestCase_Spectrumtp4q.java:86)
... Removed 25 stack frames]]>
    </failure>
  </testcase> <!-- testcaseLfoNonAutomated -->
</testsuite> <!-- Spectrumtp4q -->
